<?xml version="1.0" encoding="UTF-8"?>
<!-- Generated by org.testng.reporters.JUnitReportReporter -->
<testsuite skipped="0" hostname="DESKTOP-7QD4G53" name="com.ra.qa.testcases.HubHomePageTest" tests="3" failures="0" timestamp="2019-09-20T12:12:26 CDT" time="29.037" errors="0">
  <testcase name="setup" time="24.534" classname="com.ra.qa.testcases.HubHomePageTest"/>
  <testcase name="clickOnInfoMktTest" time="3.871" classname="com.ra.qa.testcases.HubHomePageTest"/>
  <testcase name="tearDown" time="0.632" classname="com.ra.qa.testcases.HubHomePageTest"/>
</testsuite> <!-- com.ra.qa.testcases.HubHomePageTest -->
