<?xml version="1.0" encoding="UTF-8"?>
<!-- Generated by org.testng.reporters.JUnitReportReporter -->
<testsuite skipped="0" hostname="DESKTOP-7QD4G53" name="com.ra.qa.testcases.RAAdminHomePageTest" tests="5" failures="0" timestamp="2019-09-26T17:46:32 CDT" time="34.772" errors="0">
  <testcase name="setup" time="16.459" classname="com.ra.qa.testcases.RAAdminHomePageTest"/>
  <testcase name="validateLoginPageTitleTest" time="2.009" classname="com.ra.qa.testcases.RAAdminHomePageTest"/>
  <testcase name="manageAccountTest" time="8.146" classname="com.ra.qa.testcases.RAAdminHomePageTest"/>
  <testcase name="selectRAAdminAccountTest" time="7.536" classname="com.ra.qa.testcases.RAAdminHomePageTest"/>
  <testcase name="tearDown" time="0.622" classname="com.ra.qa.testcases.RAAdminHomePageTest"/>
</testsuite> <!-- com.ra.qa.testcases.RAAdminHomePageTest -->
