<?xml version="1.0" encoding="UTF-8"?>
<!-- Generated by org.testng.reporters.JUnitReportReporter -->
<testsuite skipped="0" hostname="DESKTOP-7QD4G53" name="com.ra.qa.testcases.AccountingPageTest" tests="5" failures="0" timestamp="2019-09-20T12:12:26 CDT" time="34.977" errors="0">
  <testcase name="setup" time="27.445" classname="com.ra.qa.testcases.AccountingPageTest"/>
  <testcase name="clickOnTransactionAmount558579Test" time="5.081" classname="com.ra.qa.testcases.AccountingPageTest"/>
  <testcase name="mailingCostSummary558579Test" time="2.076" classname="com.ra.qa.testcases.AccountingPageTest"/>
  <testcase name="verifyCostSummary558579Test" time="0.284" classname="com.ra.qa.testcases.AccountingPageTest"/>
  <testcase name="tearDown" time="0.091" classname="com.ra.qa.testcases.AccountingPageTest"/>
</testsuite> <!-- com.ra.qa.testcases.AccountingPageTest -->
