<?xml version="1.0" encoding="UTF-8"?>
<!-- Generated by org.testng.reporters.JUnitReportReporter -->
<testsuite skipped="0" hostname="DESKTOP-7QD4G53" name="com.ra.qa.testcases.HubHomePageTest" tests="3" failures="0" timestamp="2019-09-16T11:41:37 CDT" time="30.533" errors="0">
  <testcase name="setup" time="25.765" classname="com.ra.qa.testcases.HubHomePageTest"/>
  <testcase name="clickOnInfoMktTest" time="4.057" classname="com.ra.qa.testcases.HubHomePageTest"/>
  <testcase name="tearDown" time="0.711" classname="com.ra.qa.testcases.HubHomePageTest"/>
</testsuite> <!-- com.ra.qa.testcases.HubHomePageTest -->
