<?xml version="1.0" encoding="UTF-8"?>
<!-- Generated by org.testng.reporters.JUnitReportReporter -->
<testsuite skipped="0" hostname="DESKTOP-7QD4G53" name="com.ra.qa.testcases.RA55HomePageTest" tests="8" failures="0" timestamp="2019-09-30T16:22:00 CDT" time="29.355" errors="0">
  <testcase name="setup" time="18.206" classname="com.ra.qa.testcases.RA55HomePageTest"/>
  <testcase name="getPageTitleTest" time="0.020" classname="com.ra.qa.testcases.RA55HomePageTest"/>
  <testcase name="selectSiteRA55Test" time="3.250" classname="com.ra.qa.testcases.RA55HomePageTest"/>
  <testcase name="navigateToRACloudTest" time="0.795" classname="com.ra.qa.testcases.RA55HomePageTest"/>
  <testcase name="clickOnUploadLegacyTest" time="0.165" classname="com.ra.qa.testcases.RA55HomePageTest"/>
  <testcase name="uploadFeederFileLegacyTest" time="2.992" classname="com.ra.qa.testcases.RA55HomePageTest"/>
  <testcase name="uploadDoneTest" time="3.296" classname="com.ra.qa.testcases.RA55HomePageTest"/>
  <testcase name="tearDown" time="0.631" classname="com.ra.qa.testcases.RA55HomePageTest"/>
</testsuite> <!-- com.ra.qa.testcases.RA55HomePageTest -->
