<?xml version="1.0" encoding="UTF-8"?>
<!-- Generated by org.testng.reporters.JUnitReportReporter -->
<testsuite skipped="0" hostname="DESKTOP-HKD7PMB" name="com.ra.qa.general.Test2" tests="4" failures="0" timestamp="2019-10-15T17:57:25 CDT" time="64.829" errors="0">
  <testcase name="googleSearch" time="15.988" classname="com.ra.qa.general.Test2"/>
  <testcase name="fbLogin" time="16.161" classname="com.ra.qa.general.Test2"/>
  <testcase name="fbLogin" time="16.959" classname="com.ra.qa.general.Test2"/>
  <testcase name="fbLogin" time="15.721" classname="com.ra.qa.general.Test2"/>
</testsuite> <!-- com.ra.qa.general.Test2 -->
