<?xml version="1.0" encoding="UTF-8"?>
<!-- Generated by org.testng.reporters.JUnitReportReporter -->
<testsuite skipped="0" hostname="DESKTOP-7QD4G53" name="com.ra.qa.testcases.FeederAccountingPageTest" tests="5" failures="0" timestamp="2019-09-26T17:46:32 CDT" time="38.145" errors="0">
  <testcase name="setup" time="30.569" classname="com.ra.qa.testcases.FeederAccountingPageTest"/>
  <testcase name="clickOnTransactionAmount558579Test" time="5.090" classname="com.ra.qa.testcases.FeederAccountingPageTest"/>
  <testcase name="mailingCostSummary558579Test" time="2.093" classname="com.ra.qa.testcases.FeederAccountingPageTest"/>
  <testcase name="verifyCostSummary558579Test" time="0.309" classname="com.ra.qa.testcases.FeederAccountingPageTest"/>
  <testcase name="tearDown" time="0.084" classname="com.ra.qa.testcases.FeederAccountingPageTest"/>
</testsuite> <!-- com.ra.qa.testcases.FeederAccountingPageTest -->
