<?xml version="1.0" encoding="UTF-8"?>
<!-- Generated by org.testng.reporters.JUnitReportReporter -->
<testsuite skipped="0" hostname="DESKTOP-7QD4G53" name="com.ra.qa.testcases.RA229HomePageTest" tests="10" failures="0" timestamp="2019-09-27T14:39:18 CDT" time="383.217" errors="0">
  <testcase name="setup" time="23.184" classname="com.ra.qa.testcases.RA229HomePageTest"/>
  <testcase name="getPageTitleTest" time="0.014" classname="com.ra.qa.testcases.RA229HomePageTest"/>
  <testcase name="clickOnUploadBtnTest" time="2.346" classname="com.ra.qa.testcases.RA229HomePageTest"/>
  <testcase name="uploadFileTest" time="15.119" classname="com.ra.qa.testcases.RA229HomePageTest"/>
  <testcase name="uploadDoneTest" time="203.218" classname="com.ra.qa.testcases.RA229HomePageTest"/>
  <testcase name="selectPCnLTRTest" time="5.878" classname="com.ra.qa.testcases.RA229HomePageTest"/>
  <testcase name="scheduleMailTest" time="5.264" classname="com.ra.qa.testcases.RA229HomePageTest"/>
  <testcase name="confirmTest" time="4.232" classname="com.ra.qa.testcases.RA229HomePageTest"/>
  <testcase name="submitScheduleTest" time="123.174" classname="com.ra.qa.testcases.RA229HomePageTest"/>
  <testcase name="tearDown" time="0.788" classname="com.ra.qa.testcases.RA229HomePageTest"/>
</testsuite> <!-- com.ra.qa.testcases.RA229HomePageTest -->
