<?xml version="1.0" encoding="UTF-8"?>
<!-- Generated by org.testng.reporters.JUnitReportReporter -->
<testsuite skipped="0" hostname="DESKTOP-HKD7PMB" name="com.ra.qa.testcases.SchedulePageTest" tests="5" failures="0" timestamp="2019-09-23T13:17:46 CDT" time="29.039" errors="0">
  <testcase name="setup" time="25.192" classname="com.ra.qa.testcases.SchedulePageTest"/>
  <testcase name="getPageTitleTest" time="0.023" classname="com.ra.qa.testcases.SchedulePageTest"/>
  <testcase name="navigateToScheduledTabTest" time="3.096" classname="com.ra.qa.testcases.SchedulePageTest"/>
  <testcase name="verifyFilePresentF1F2Test" time="0.064" classname="com.ra.qa.testcases.SchedulePageTest"/>
  <testcase name="tearDown" time="0.664" classname="com.ra.qa.testcases.SchedulePageTest"/>
</testsuite> <!-- com.ra.qa.testcases.SchedulePageTest -->
