<?xml version="1.0" encoding="UTF-8"?>
<!-- Generated by org.testng.reporters.JUnitReportReporter -->
<testsuite skipped="0" hostname="DESKTOP-7QD4G53" name="com.ra.qa.testcases.RA229LoginPageTest" tests="4" failures="0" timestamp="2019-09-30T10:52:27 CDT" time="20.632" errors="0">
  <testcase name="setup" time="11.303" classname="com.ra.qa.testcases.RA229LoginPageTest"/>
  <testcase name="validateLoginPageTitleTest" time="0.017" classname="com.ra.qa.testcases.RA229LoginPageTest"/>
  <testcase name="loginTest" time="8.600" classname="com.ra.qa.testcases.RA229LoginPageTest"/>
  <testcase name="tearDown" time="0.712" classname="com.ra.qa.testcases.RA229LoginPageTest"/>
</testsuite> <!-- com.ra.qa.testcases.RA229LoginPageTest -->
