<?xml version="1.0" encoding="UTF-8"?>
<!-- Generated by org.testng.reporters.JUnitReportReporter -->
<testsuite skipped="0" hostname="DESKTOP-7QD4G53" name="com.ra.qa.testcases.HubLoginPageTest" tests="6" failures="0" timestamp="2019-09-26T17:46:32 CDT" time="27.045" errors="0">
  <testcase name="setup" time="10.270" classname="com.ra.qa.testcases.HubLoginPageTest"/>
  <testcase name="validateLoginPageTitleTest" time="2.012" classname="com.ra.qa.testcases.HubLoginPageTest"/>
  <testcase name="loginTest" time="6.342" classname="com.ra.qa.testcases.HubLoginPageTest"/>
  <testcase name="selectRA49Test" time="2.246" classname="com.ra.qa.testcases.HubLoginPageTest"/>
  <testcase name="gotoRoyalCloudTest" time="5.533" classname="com.ra.qa.testcases.HubLoginPageTest"/>
  <testcase name="tearDown" time="0.642" classname="com.ra.qa.testcases.HubLoginPageTest"/>
</testsuite> <!-- com.ra.qa.testcases.HubLoginPageTest -->
