<?xml version="1.0" encoding="UTF-8"?>
<!-- Generated by org.testng.reporters.JUnitReportReporter -->
<testsuite skipped="0" hostname="DESKTOP-7QD4G53" name="com.ra.qa.testcases.HubLoginPageTest" tests="2" failures="0" timestamp="2019-09-03T13:47:56 CDT" time="16.102" errors="0">
  <testcase name="validateLoginPageTitleTest" time="5.414" classname="com.ra.qa.testcases.HubLoginPageTest"/>
  <testcase name="loginTest" time="10.688" classname="com.ra.qa.testcases.HubLoginPageTest"/>
</testsuite> <!-- com.ra.qa.testcases.HubLoginPageTest -->
