<?xml version="1.0" encoding="UTF-8"?>
<!-- Generated by org.testng.reporters.JUnitReportReporter -->
<testsuite skipped="0" hostname="DESKTOP-7QD4G53" name="com.ra.qa.testcases.RAAdminAccountingPageTest" tests="5" failures="0" timestamp="2019-09-26T17:46:32 CDT" time="42.759" errors="0">
  <testcase name="setup" time="28.841" classname="com.ra.qa.testcases.RAAdminAccountingPageTest"/>
  <testcase name="selectRAProfitCenterTest" time="6.141" classname="com.ra.qa.testcases.RAAdminAccountingPageTest"/>
  <testcase name="cutomerAccountViewTest" time="7.075" classname="com.ra.qa.testcases.RAAdminAccountingPageTest"/>
  <testcase name="verifyRAProfitCenterTotalAmount" time="0.076" classname="com.ra.qa.testcases.RAAdminAccountingPageTest"/>
  <testcase name="tearDown" time="0.626" classname="com.ra.qa.testcases.RAAdminAccountingPageTest"/>
</testsuite> <!-- com.ra.qa.testcases.RAAdminAccountingPageTest -->
