<?xml version="1.0" encoding="UTF-8"?>
<!-- Generated by org.testng.reporters.JUnitReportReporter -->
<testsuite skipped="0" hostname="DESKTOP-7QD4G53" name="com.ra.qa.testcases.RA229SchedulePageTest" tests="5" failures="0" timestamp="2019-09-27T14:39:18 CDT" time="31.205" errors="0">
  <testcase name="setup" time="26.963" classname="com.ra.qa.testcases.RA229SchedulePageTest"/>
  <testcase name="getPageTitleTest" time="0.014" classname="com.ra.qa.testcases.RA229SchedulePageTest"/>
  <testcase name="navigateToScheduledTabTest" time="3.232" classname="com.ra.qa.testcases.RA229SchedulePageTest"/>
  <testcase name="verifyFilePresentPCnLTRFileScheduledTest" time="0.081" classname="com.ra.qa.testcases.RA229SchedulePageTest"/>
  <testcase name="tearDown" time="0.915" classname="com.ra.qa.testcases.RA229SchedulePageTest"/>
</testsuite> <!-- com.ra.qa.testcases.RA229SchedulePageTest -->
