<?xml version="1.0" encoding="UTF-8"?>
<!-- Generated by org.testng.reporters.JUnitReportReporter -->
<testsuite skipped="0" hostname="DESKTOP-7QD4G53" name="com.ra.qa.testcases.AccountingPageTest" tests="4" failures="0" timestamp="2019-09-19T12:00:13 CDT" time="36.982" errors="0">
  <testcase name="setup" time="29.616" classname="com.ra.qa.testcases.AccountingPageTest"/>
  <testcase name="clickOnTransactionAmount558579Test" time="5.109" classname="com.ra.qa.testcases.AccountingPageTest"/>
  <testcase name="mailingCostSummary558579Test" time="2.106" classname="com.ra.qa.testcases.AccountingPageTest"/>
  <testcase name="verifyCostSummary558579Test" time="0.151" classname="com.ra.qa.testcases.AccountingPageTest"/>
</testsuite> <!-- com.ra.qa.testcases.AccountingPageTest -->
