<?xml version="1.0" encoding="UTF-8"?>
<!-- Generated by org.testng.reporters.JUnitReportReporter -->
<testsuite skipped="0" hostname="DESKTOP-7QD4G53" name="com.ra.qa.testcases.ShipmentRequestPageTest" tests="15" failures="0" timestamp="2019-09-20T12:12:26 CDT" time="424.272" errors="0">
  <testcase name="setup" time="29.548" classname="com.ra.qa.testcases.ShipmentRequestPageTest"/>
  <testcase name="acceptMkt558579Test" time="2.086" classname="com.ra.qa.testcases.ShipmentRequestPageTest"/>
  <testcase name="sendJobReference558579Test" time="2.074" classname="com.ra.qa.testcases.ShipmentRequestPageTest"/>
  <testcase name="submit558579Test" time="21.500" classname="com.ra.qa.testcases.ShipmentRequestPageTest"/>
  <testcase name="clickOnInfoRAMailAccepted558579" time="4.000" classname="com.ra.qa.testcases.ShipmentRequestPageTest"/>
  <testcase name="submitFinal558579Test" time="2.066" classname="com.ra.qa.testcases.ShipmentRequestPageTest"/>
  <testcase name="clickBrowse558579Test" time="3.126" classname="com.ra.qa.testcases.ShipmentRequestPageTest"/>
  <testcase name="upload558579Test" time="107.138" classname="com.ra.qa.testcases.ShipmentRequestPageTest"/>
  <testcase name="process558579Test" time="120.074" classname="com.ra.qa.testcases.ShipmentRequestPageTest"/>
  <testcase name="finalizeButton558579Test" time="2.060" classname="com.ra.qa.testcases.ShipmentRequestPageTest"/>
  <testcase name="viewReport558579Test" time="5.737" classname="com.ra.qa.testcases.ShipmentRequestPageTest"/>
  <testcase name="finalizeSubmission558579Test" time="3.068" classname="com.ra.qa.testcases.ShipmentRequestPageTest"/>
  <testcase name="close558579Test" time="121.101" classname="com.ra.qa.testcases.ShipmentRequestPageTest"/>
  <testcase name="verifyFinalizationCompleted558579Test" time="0.028" classname="com.ra.qa.testcases.ShipmentRequestPageTest"/>
  <testcase name="testDown" time="0.666" classname="com.ra.qa.testcases.ShipmentRequestPageTest"/>
</testsuite> <!-- com.ra.qa.testcases.ShipmentRequestPageTest -->
