<?xml version="1.0" encoding="UTF-8"?>
<!-- Generated by org.testng.reporters.JUnitReportReporter -->
<testsuite skipped="0" hostname="DESKTOP-HKD7PMB" name="com.ra.qa.testcases.ShipmentRequestPageTest" tests="15" failures="0" timestamp="2019-09-23T13:17:46 CDT" time="419.465" errors="0">
  <testcase name="setup" time="23.423" classname="com.ra.qa.testcases.ShipmentRequestPageTest"/>
  <testcase name="acceptMkt558579Test" time="2.141" classname="com.ra.qa.testcases.ShipmentRequestPageTest"/>
  <testcase name="sendJobReference558579Test" time="2.148" classname="com.ra.qa.testcases.ShipmentRequestPageTest"/>
  <testcase name="submit558579Test" time="21.694" classname="com.ra.qa.testcases.ShipmentRequestPageTest"/>
  <testcase name="clickOnInfoRAMailAccepted558579" time="4.058" classname="com.ra.qa.testcases.ShipmentRequestPageTest"/>
  <testcase name="submitFinal558579Test" time="2.137" classname="com.ra.qa.testcases.ShipmentRequestPageTest"/>
  <testcase name="clickBrowse558579Test" time="3.270" classname="com.ra.qa.testcases.ShipmentRequestPageTest"/>
  <testcase name="upload558579Test" time="107.271" classname="com.ra.qa.testcases.ShipmentRequestPageTest"/>
  <testcase name="process558579Test" time="120.159" classname="com.ra.qa.testcases.ShipmentRequestPageTest"/>
  <testcase name="finalizeButton558579Test" time="2.102" classname="com.ra.qa.testcases.ShipmentRequestPageTest"/>
  <testcase name="viewReport558579Test" time="5.884" classname="com.ra.qa.testcases.ShipmentRequestPageTest"/>
  <testcase name="finalizeSubmission558579Test" time="3.130" classname="com.ra.qa.testcases.ShipmentRequestPageTest"/>
  <testcase name="close558579Test" time="121.301" classname="com.ra.qa.testcases.ShipmentRequestPageTest"/>
  <testcase name="verifyFinalizationCompleted558579Test" time="0.064" classname="com.ra.qa.testcases.ShipmentRequestPageTest"/>
  <testcase name="testDown" time="0.683" classname="com.ra.qa.testcases.ShipmentRequestPageTest"/>
</testsuite> <!-- com.ra.qa.testcases.ShipmentRequestPageTest -->
