<?xml version="1.0" encoding="UTF-8"?>
<!-- Generated by org.testng.reporters.JUnitReportReporter -->
<testsuite skipped="0" hostname="DESKTOP-7QD4G53" name="com.ra.qa.testcases.HomePageTest" tests="12" failures="0" timestamp="2019-09-26T17:46:32 CDT" time="376.558" errors="0">
  <testcase name="setup" time="17.166" classname="com.ra.qa.testcases.HomePageTest"/>
  <testcase name="getPageTitleTest" time="0.008" classname="com.ra.qa.testcases.HomePageTest"/>
  <testcase name="selectSiteB" time="6.755" classname="com.ra.qa.testcases.HomePageTest"/>
  <testcase name="clickOnUploadBtnTest" time="2.116" classname="com.ra.qa.testcases.HomePageTest"/>
  <testcase name="uploadFileTest" time="30.122" classname="com.ra.qa.testcases.HomePageTest"/>
  <testcase name="uploadDoneTest" time="203.113" classname="com.ra.qa.testcases.HomePageTest"/>
  <testcase name="gotoMarketingTabTest" time="3.750" classname="com.ra.qa.testcases.HomePageTest"/>
  <testcase name="selectRA061215ReadyTest" time="5.423" classname="com.ra.qa.testcases.HomePageTest"/>
  <testcase name="scheduleMailTest" time="2.159" classname="com.ra.qa.testcases.HomePageTest"/>
  <testcase name="confirmTest" time="4.174" classname="com.ra.qa.testcases.HomePageTest"/>
  <testcase name="submitScheduleTest" time="101.146" classname="com.ra.qa.testcases.HomePageTest"/>
  <testcase name="tearDown" time="0.626" classname="com.ra.qa.testcases.HomePageTest"/>
</testsuite> <!-- com.ra.qa.testcases.HomePageTest -->
