<?xml version="1.0" encoding="UTF-8"?>
<!-- Generated by org.testng.reporters.JUnitReportReporter -->
<testsuite skipped="0" hostname="DESKTOP-7QD4G53" name="com.ra.qa.testcases.RA229LoginPageTest" tests="5" failures="0" timestamp="2019-09-27T14:39:18 CDT" time="28.089" errors="0">
  <testcase name="setup" time="12.753" classname="com.ra.qa.testcases.RA229LoginPageTest"/>
  <testcase name="validateLoginPageTitleTest" time="0.027" classname="com.ra.qa.testcases.RA229LoginPageTest"/>
  <testcase name="loginTest" time="11.185" classname="com.ra.qa.testcases.RA229LoginPageTest"/>
  <testcase name="navigateToMailQueueTest" time="3.452" classname="com.ra.qa.testcases.RA229LoginPageTest"/>
  <testcase name="tearDown" time="0.672" classname="com.ra.qa.testcases.RA229LoginPageTest"/>
</testsuite> <!-- com.ra.qa.testcases.RA229LoginPageTest -->
