<?xml version="1.0" encoding="UTF-8"?>
<!-- Generated by org.testng.reporters.JUnitReportReporter -->
<testsuite skipped="0" hostname="DESKTOP-7QD4G53" name="com.ra.qa.testcases.ShipmentRequestPageTest" tests="15" failures="0" timestamp="2019-09-18T14:58:41 CDT" time="586.141" errors="0">
  <testcase name="setup" time="30.222" classname="com.ra.qa.testcases.ShipmentRequestPageTest"/>
  <testcase name="acceptMkt558579Test" time="2.123" classname="com.ra.qa.testcases.ShipmentRequestPageTest"/>
  <testcase name="sendJobReference558579Test" time="2.109" classname="com.ra.qa.testcases.ShipmentRequestPageTest"/>
  <testcase name="submit558579Test" time="21.602" classname="com.ra.qa.testcases.ShipmentRequestPageTest"/>
  <testcase name="clickOnInfoRAMailAccepted558579" time="3.943" classname="com.ra.qa.testcases.ShipmentRequestPageTest"/>
  <testcase name="submitFinal558579Test" time="2.111" classname="com.ra.qa.testcases.ShipmentRequestPageTest"/>
  <testcase name="clickBrowse558579Test" time="3.223" classname="com.ra.qa.testcases.ShipmentRequestPageTest"/>
  <testcase name="upload558579Test" time="107.205" classname="com.ra.qa.testcases.ShipmentRequestPageTest"/>
  <testcase name="process558579Test" time="120.086" classname="com.ra.qa.testcases.ShipmentRequestPageTest"/>
  <testcase name="finalizeButton558579Test" time="64.472" classname="com.ra.qa.testcases.ShipmentRequestPageTest"/>
  <testcase name="viewReport558579Test" time="16.985" classname="com.ra.qa.testcases.ShipmentRequestPageTest"/>
  <testcase name="finalizeSubmission558579Test" time="27.653" classname="com.ra.qa.testcases.ShipmentRequestPageTest"/>
  <testcase name="close558579Test" time="150.665" classname="com.ra.qa.testcases.ShipmentRequestPageTest"/>
  <testcase name="verifyFinalizationCompleted558579Test" time="33.104" classname="com.ra.qa.testcases.ShipmentRequestPageTest"/>
  <testcase name="testDown" time="0.638" classname="com.ra.qa.testcases.ShipmentRequestPageTest"/>
</testsuite> <!-- com.ra.qa.testcases.ShipmentRequestPageTest -->
