<?xml version="1.0" encoding="UTF-8"?>
<!-- Generated by org.testng.reporters.JUnitReportReporter -->
<testsuite skipped="0" hostname="DESKTOP-HKD7PMB" name="com.ra.qa.testcases.HubAccountingPageTest" tests="3" failures="0" timestamp="2019-09-23T15:25:27 CDT" time="18.336" errors="0">
  <testcase name="setup" time="18.182" classname="com.ra.qa.testcases.HubAccountingPageTest"/>
  <testcase name="verifyHubAccounting" time="0.094" classname="com.ra.qa.testcases.HubAccountingPageTest"/>
  <testcase name="tearDown" time="0.060" classname="com.ra.qa.testcases.HubAccountingPageTest"/>
</testsuite> <!-- com.ra.qa.testcases.HubAccountingPageTest -->
