<?xml version="1.0" encoding="UTF-8"?>
<!-- Generated by org.testng.reporters.JUnitReportReporter -->
<testsuite skipped="0" hostname="DESKTOP-7QD4G53" name="com.ra.qa.testcases.LoginPageTest" tests="2" failures="0" timestamp="2019-08-31T13:57:08 CDT" time="23.877" errors="0">
  <testcase name="validateLoginPageTitleTest" time="12.085" classname="com.ra.qa.testcases.LoginPageTest"/>
  <testcase name="loginTest" time="11.792" classname="com.ra.qa.testcases.LoginPageTest"/>
</testsuite> <!-- com.ra.qa.testcases.LoginPageTest -->
