<?xml version="1.0" encoding="UTF-8"?>
<!-- Generated by org.testng.reporters.JUnitReportReporter -->
<testsuite skipped="0" hostname="DESKTOP-HKD7PMB" name="com.ra.qa.testcases.HomePageTest" tests="12" failures="0" timestamp="2019-09-23T13:17:46 CDT" time="372.691" errors="0">
  <testcase name="setup" time="11.592" classname="com.ra.qa.testcases.HomePageTest"/>
  <testcase name="getPageTitleTest" time="0.006" classname="com.ra.qa.testcases.HomePageTest"/>
  <testcase name="selectSiteB" time="7.114" classname="com.ra.qa.testcases.HomePageTest"/>
  <testcase name="clickOnUploadBtnTest" time="2.172" classname="com.ra.qa.testcases.HomePageTest"/>
  <testcase name="uploadFileTest" time="30.475" classname="com.ra.qa.testcases.HomePageTest"/>
  <testcase name="uploadDoneTest" time="203.204" classname="com.ra.qa.testcases.HomePageTest"/>
  <testcase name="gotoMarketingTabTest" time="4.246" classname="com.ra.qa.testcases.HomePageTest"/>
  <testcase name="selectRA061215ReadyTest" time="5.579" classname="com.ra.qa.testcases.HomePageTest"/>
  <testcase name="scheduleMailTest" time="2.204" classname="com.ra.qa.testcases.HomePageTest"/>
  <testcase name="confirmTest" time="4.205" classname="com.ra.qa.testcases.HomePageTest"/>
  <testcase name="submitScheduleTest" time="101.200" classname="com.ra.qa.testcases.HomePageTest"/>
  <testcase name="tearDown" time="0.694" classname="com.ra.qa.testcases.HomePageTest"/>
</testsuite> <!-- com.ra.qa.testcases.HomePageTest -->
