<?xml version="1.0" encoding="UTF-8"?>
<!-- Generated by org.testng.reporters.JUnitReportReporter -->
<testsuite skipped="0" hostname="DESKTOP-7QD4G53" name="com.ra.qa.testcases.HubAccountingPageTest" tests="3" failures="0" timestamp="2019-09-26T17:46:32 CDT" time="22.796" errors="0">
  <testcase name="setup" time="22.663" classname="com.ra.qa.testcases.HubAccountingPageTest"/>
  <testcase name="verifyHubAccounting" time="0.066" classname="com.ra.qa.testcases.HubAccountingPageTest"/>
  <testcase name="tearDown" time="0.067" classname="com.ra.qa.testcases.HubAccountingPageTest"/>
</testsuite> <!-- com.ra.qa.testcases.HubAccountingPageTest -->
