<?xml version="1.0" encoding="UTF-8"?>
<!-- Generated by org.testng.reporters.JUnitReportReporter -->
<testsuite skipped="0" hostname="DESKTOP-7QD4G53" name="com.ra.qa.testcases.HomePageTest" tests="12" failures="0" timestamp="2019-09-20T12:12:26 CDT" time="376.823" errors="0">
  <testcase name="setup" time="17.222" classname="com.ra.qa.testcases.HomePageTest"/>
  <testcase name="getPageTitleTest" time="0.011" classname="com.ra.qa.testcases.HomePageTest"/>
  <testcase name="selectSiteB" time="6.625" classname="com.ra.qa.testcases.HomePageTest"/>
  <testcase name="clickOnUploadBtnTest" time="2.153" classname="com.ra.qa.testcases.HomePageTest"/>
  <testcase name="uploadFileTest" time="30.181" classname="com.ra.qa.testcases.HomePageTest"/>
  <testcase name="uploadDoneTest" time="203.155" classname="com.ra.qa.testcases.HomePageTest"/>
  <testcase name="gotoMarketingTabTest" time="4.000" classname="com.ra.qa.testcases.HomePageTest"/>
  <testcase name="selectRA061215ReadyTest" time="5.408" classname="com.ra.qa.testcases.HomePageTest"/>
  <testcase name="scheduleMailTest" time="2.134" classname="com.ra.qa.testcases.HomePageTest"/>
  <testcase name="confirmTest" time="4.138" classname="com.ra.qa.testcases.HomePageTest"/>
  <testcase name="submitScheduleTest" time="101.147" classname="com.ra.qa.testcases.HomePageTest"/>
  <testcase name="tearDown" time="0.649" classname="com.ra.qa.testcases.HomePageTest"/>
</testsuite> <!-- com.ra.qa.testcases.HomePageTest -->
