<?xml version="1.0" encoding="UTF-8"?>
<!-- Generated by org.testng.reporters.JUnitReportReporter -->
<testsuite skipped="0" hostname="DESKTOP-7QD4G53" name="com.ra.qa.testcases.LoginPageTest" tests="6" failures="0" timestamp="2019-09-13T15:19:36 CDT" time="29.436" errors="0">
  <testcase name="setup" time="11.339" classname="com.ra.qa.testcases.LoginPageTest"/>
  <testcase name="validateLoginPageTitleTest" time="0.020" classname="com.ra.qa.testcases.LoginPageTest"/>
  <testcase name="loginTest" time="6.960" classname="com.ra.qa.testcases.LoginPageTest"/>
  <testcase name="navigateToMailQueueTest" time="3.360" classname="com.ra.qa.testcases.LoginPageTest"/>
  <testcase name="selectSiteBTest" time="3.409" classname="com.ra.qa.testcases.LoginPageTest"/>
  <testcase name="tearDown" time="4.348" classname="com.ra.qa.testcases.LoginPageTest"/>
</testsuite> <!-- com.ra.qa.testcases.LoginPageTest -->
