<?xml version="1.0" encoding="UTF-8"?>
<!-- Generated by org.testng.reporters.JUnitReportReporter -->
<testsuite skipped="0" hostname="DESKTOP-7QD4G53" name="com.ra.qa.testcases.RAAdminLoginPageTest" tests="4" failures="0" timestamp="2019-09-26T17:46:32 CDT" time="19.157" errors="0">
  <testcase name="setup" time="10.389" classname="com.ra.qa.testcases.RAAdminLoginPageTest"/>
  <testcase name="validateLoginPageTitleTest" time="2.005" classname="com.ra.qa.testcases.RAAdminLoginPageTest"/>
  <testcase name="loginTest" time="6.118" classname="com.ra.qa.testcases.RAAdminLoginPageTest"/>
  <testcase name="tearDown" time="0.645" classname="com.ra.qa.testcases.RAAdminLoginPageTest"/>
</testsuite> <!-- com.ra.qa.testcases.RAAdminLoginPageTest -->
