<?xml version="1.0" encoding="UTF-8"?>
<!-- Generated by org.testng.reporters.JUnitReportReporter -->
<testsuite skipped="0" hostname="DESKTOP-HKD7PMB" name="com.ra.qa.testcases.LoginPageTest" tests="6" failures="0" timestamp="2019-09-23T13:17:46 CDT" time="19.662" errors="0">
  <testcase name="setup" time="5.195" classname="com.ra.qa.testcases.LoginPageTest"/>
  <testcase name="validateLoginPageTitleTest" time="0.015" classname="com.ra.qa.testcases.LoginPageTest"/>
  <testcase name="loginTest" time="6.991" classname="com.ra.qa.testcases.LoginPageTest"/>
  <testcase name="navigateToMailQueueTest" time="3.210" classname="com.ra.qa.testcases.LoginPageTest"/>
  <testcase name="selectSiteBTest" time="3.517" classname="com.ra.qa.testcases.LoginPageTest"/>
  <testcase name="tearDown" time="0.734" classname="com.ra.qa.testcases.LoginPageTest"/>
</testsuite> <!-- com.ra.qa.testcases.LoginPageTest -->
