<?xml version="1.0" encoding="UTF-8"?>
<!-- Generated by org.testng.reporters.JUnitReportReporter -->
<testsuite skipped="0" hostname="DESKTOP-HKD7PMB" name="com.ra.qa.testcases.HubHomePageTest" tests="3" failures="0" timestamp="2019-09-23T13:17:46 CDT" time="24.856" errors="0">
  <testcase name="setup" time="20.086" classname="com.ra.qa.testcases.HubHomePageTest"/>
  <testcase name="clickOnInfoMktTest" time="4.056" classname="com.ra.qa.testcases.HubHomePageTest"/>
  <testcase name="tearDown" time="0.714" classname="com.ra.qa.testcases.HubHomePageTest"/>
</testsuite> <!-- com.ra.qa.testcases.HubHomePageTest -->
