<?xml version="1.0" encoding="UTF-8"?>
<!-- Generated by org.testng.reporters.JUnitReportReporter -->
<testsuite skipped="0" hostname="DESKTOP-7QD4G53" name="com.ra.qa.testcases.LoginPageTest" tests="6" failures="0" timestamp="2019-09-20T12:12:26 CDT" time="26.957" errors="0">
  <testcase name="setup" time="12.979" classname="com.ra.qa.testcases.LoginPageTest"/>
  <testcase name="validateLoginPageTitleTest" time="0.016" classname="com.ra.qa.testcases.LoginPageTest"/>
  <testcase name="loginTest" time="6.847" classname="com.ra.qa.testcases.LoginPageTest"/>
  <testcase name="navigateToMailQueueTest" time="3.015" classname="com.ra.qa.testcases.LoginPageTest"/>
  <testcase name="selectSiteBTest" time="3.393" classname="com.ra.qa.testcases.LoginPageTest"/>
  <testcase name="tearDown" time="0.707" classname="com.ra.qa.testcases.LoginPageTest"/>
</testsuite> <!-- com.ra.qa.testcases.LoginPageTest -->
