<?xml version="1.0" encoding="UTF-8"?>
<!-- Generated by org.testng.reporters.JUnitReportReporter -->
<testsuite skipped="0" hostname="DESKTOP-7QD4G53" name="com.ra.qa.testcases.RA229HomePageTest" tests="10" failures="0" timestamp="2019-09-30T10:59:00 CDT" time="378.309" errors="0">
  <testcase name="setup" time="19.635" classname="com.ra.qa.testcases.RA229HomePageTest"/>
  <testcase name="getPageTitleTest" time="0.014" classname="com.ra.qa.testcases.RA229HomePageTest"/>
  <testcase name="clickOnUploadBtnTest" time="2.123" classname="com.ra.qa.testcases.RA229HomePageTest"/>
  <testcase name="uploadFileTest" time="15.093" classname="com.ra.qa.testcases.RA229HomePageTest"/>
  <testcase name="uploadDoneTest" time="203.138" classname="com.ra.qa.testcases.RA229HomePageTest"/>
  <testcase name="selectPCnLTRTest" time="5.219" classname="com.ra.qa.testcases.RA229HomePageTest"/>
  <testcase name="scheduleMailTest" time="5.164" classname="com.ra.qa.testcases.RA229HomePageTest"/>
  <testcase name="confirmTest" time="4.120" classname="com.ra.qa.testcases.RA229HomePageTest"/>
  <testcase name="submitScheduleTest" time="123.169" classname="com.ra.qa.testcases.RA229HomePageTest"/>
  <testcase name="tearDown" time="0.634" classname="com.ra.qa.testcases.RA229HomePageTest"/>
</testsuite> <!-- com.ra.qa.testcases.RA229HomePageTest -->
