<?xml version="1.0" encoding="UTF-8"?>
<!-- Generated by org.testng.reporters.JUnitReportReporter -->
<testsuite skipped="0" hostname="DESKTOP-7QD4G53" name="com.ra.qa.testcases.HubLoginPageTest" tests="6" failures="0" timestamp="2019-09-13T17:11:34 CDT" time="28.360" errors="0">
  <testcase name="setup" time="11.111" classname="com.ra.qa.testcases.HubLoginPageTest"/>
  <testcase name="validateLoginPageTitleTest" time="2.016" classname="com.ra.qa.testcases.HubLoginPageTest"/>
  <testcase name="loginTest" time="6.679" classname="com.ra.qa.testcases.HubLoginPageTest"/>
  <testcase name="selectRA49Test" time="2.281" classname="com.ra.qa.testcases.HubLoginPageTest"/>
  <testcase name="gotoRoyalCloudTest" time="5.602" classname="com.ra.qa.testcases.HubLoginPageTest"/>
  <testcase name="tearDown" time="0.671" classname="com.ra.qa.testcases.HubLoginPageTest"/>
</testsuite> <!-- com.ra.qa.testcases.HubLoginPageTest -->
