<?xml version="1.0" encoding="UTF-8"?>
<!-- Generated by org.testng.reporters.JUnitReportReporter -->
<testsuite skipped="0" hostname="DESKTOP-7QD4G53" name="com.ra.qa.testcases.HomePageTest" tests="12" failures="0" timestamp="2019-09-18T14:45:56 CDT" time="378.519" errors="0">
  <testcase name="setup" time="18.707" classname="com.ra.qa.testcases.HomePageTest"/>
  <testcase name="getPageTitleTest" time="0.017" classname="com.ra.qa.testcases.HomePageTest"/>
  <testcase name="selectSiteB" time="6.787" classname="com.ra.qa.testcases.HomePageTest"/>
  <testcase name="clickOnUploadBtnTest" time="2.123" classname="com.ra.qa.testcases.HomePageTest"/>
  <testcase name="uploadFileTest" time="30.187" classname="com.ra.qa.testcases.HomePageTest"/>
  <testcase name="uploadDoneTest" time="203.163" classname="com.ra.qa.testcases.HomePageTest"/>
  <testcase name="gotoMarketingTabTest" time="4.019" classname="com.ra.qa.testcases.HomePageTest"/>
  <testcase name="selectRA061215ReadyTest" time="5.390" classname="com.ra.qa.testcases.HomePageTest"/>
  <testcase name="scheduleMailTest" time="2.156" classname="com.ra.qa.testcases.HomePageTest"/>
  <testcase name="confirmTest" time="4.168" classname="com.ra.qa.testcases.HomePageTest"/>
  <testcase name="submitScheduleTest" time="101.155" classname="com.ra.qa.testcases.HomePageTest"/>
  <testcase name="tearDown" time="0.647" classname="com.ra.qa.testcases.HomePageTest"/>
</testsuite> <!-- com.ra.qa.testcases.HomePageTest -->
