<?xml version="1.0" encoding="UTF-8"?>
<!-- Generated by org.testng.reporters.JUnitReportReporter -->
<testsuite skipped="0" hostname="DESKTOP-7QD4G53" name="com.ra.qa.testcases.LoginPageTest" tests="6" failures="0" timestamp="2019-09-26T17:46:32 CDT" time="29.197" errors="0">
  <testcase name="setup" time="14.093" classname="com.ra.qa.testcases.LoginPageTest"/>
  <testcase name="validateLoginPageTitleTest" time="0.008" classname="com.ra.qa.testcases.LoginPageTest"/>
  <testcase name="loginTest" time="7.472" classname="com.ra.qa.testcases.LoginPageTest"/>
  <testcase name="navigateToMailQueueTest" time="3.573" classname="com.ra.qa.testcases.LoginPageTest"/>
  <testcase name="selectSiteBTest" time="3.406" classname="com.ra.qa.testcases.LoginPageTest"/>
  <testcase name="tearDown" time="0.645" classname="com.ra.qa.testcases.LoginPageTest"/>
</testsuite> <!-- com.ra.qa.testcases.LoginPageTest -->
