<?xml version="1.0" encoding="UTF-8"?>
<!-- Generated by org.testng.reporters.JUnitReportReporter -->
<testsuite skipped="0" hostname="DESKTOP-HKD7PMB" name="com.ra.qa.testcases.AccountingPageTest" tests="5" failures="0" timestamp="2019-09-23T13:17:46 CDT" time="31.695" errors="0">
  <testcase name="setup" time="23.933" classname="com.ra.qa.testcases.AccountingPageTest"/>
  <testcase name="clickOnTransactionAmount558579Test" time="5.158" classname="com.ra.qa.testcases.AccountingPageTest"/>
  <testcase name="mailingCostSummary558579Test" time="2.123" classname="com.ra.qa.testcases.AccountingPageTest"/>
  <testcase name="verifyCostSummary558579Test" time="0.423" classname="com.ra.qa.testcases.AccountingPageTest"/>
  <testcase name="tearDown" time="0.058" classname="com.ra.qa.testcases.AccountingPageTest"/>
</testsuite> <!-- com.ra.qa.testcases.AccountingPageTest -->
