<?xml version="1.0" encoding="UTF-8"?>
<!-- Generated by org.testng.reporters.JUnitReportReporter -->
<testsuite skipped="0" hostname="DESKTOP-7QD4G53" name="com.ra.qa.testcases.HubLoginPageTest" tests="6" failures="0" timestamp="2019-09-16T10:39:28 CDT" time="49.603" errors="0">
  <testcase name="setup" time="12.692" classname="com.ra.qa.testcases.HubLoginPageTest"/>
  <testcase name="validateLoginPageTitleTest" time="2.029" classname="com.ra.qa.testcases.HubLoginPageTest"/>
  <testcase name="loginTest" time="7.324" classname="com.ra.qa.testcases.HubLoginPageTest"/>
  <testcase name="selectRA49Test" time="2.280" classname="com.ra.qa.testcases.HubLoginPageTest"/>
  <testcase name="gotoRoyalCloudTest" time="5.603" classname="com.ra.qa.testcases.HubLoginPageTest"/>
  <testcase name="tearDown" time="19.675" classname="com.ra.qa.testcases.HubLoginPageTest"/>
</testsuite> <!-- com.ra.qa.testcases.HubLoginPageTest -->
