<?xml version="1.0" encoding="UTF-8"?>
<!-- Generated by org.testng.reporters.JUnitReportReporter -->
<testsuite skipped="0" hostname="DESKTOP-HKD7PMB" name="com.ra.qa.testcases.HubLoginPageTest" tests="6" failures="0" timestamp="2019-09-23T15:22:06 CDT" time="23.968" errors="0">
  <testcase name="setup" time="5.470" classname="com.ra.qa.testcases.HubLoginPageTest"/>
  <testcase name="validateLoginPageTitleTest" time="2.017" classname="com.ra.qa.testcases.HubLoginPageTest"/>
  <testcase name="loginTest" time="7.819" classname="com.ra.qa.testcases.HubLoginPageTest"/>
  <testcase name="selectRA49Test" time="2.299" classname="com.ra.qa.testcases.HubLoginPageTest"/>
  <testcase name="gotoRoyalCloudTest" time="5.648" classname="com.ra.qa.testcases.HubLoginPageTest"/>
  <testcase name="tearDown" time="0.715" classname="com.ra.qa.testcases.HubLoginPageTest"/>
</testsuite> <!-- com.ra.qa.testcases.HubLoginPageTest -->
