<?xml version="1.0" encoding="UTF-8"?>
<!-- Generated by org.testng.reporters.JUnitReportReporter -->
<testsuite skipped="0" hostname="DESKTOP-7QD4G53" name="com.ra.qa.testcases.LoginPageTest" tests="6" failures="0" timestamp="2019-09-13T13:59:51 CDT" time="45.145" errors="0">
  <testcase name="setup" time="11.841" classname="com.ra.qa.testcases.LoginPageTest"/>
  <testcase name="validateLoginPageTitleTest" time="0.016" classname="com.ra.qa.testcases.LoginPageTest"/>
  <testcase name="loginTest" time="20.997" classname="com.ra.qa.testcases.LoginPageTest"/>
  <testcase name="navigateToMailQueueTest" time="4.510" classname="com.ra.qa.testcases.LoginPageTest"/>
  <testcase name="selectSiteBTest" time="3.457" classname="com.ra.qa.testcases.LoginPageTest"/>
  <testcase name="tearDown" time="4.324" classname="com.ra.qa.testcases.LoginPageTest"/>
</testsuite> <!-- com.ra.qa.testcases.LoginPageTest -->
