<?xml version="1.0" encoding="UTF-8"?>
<!-- Generated by org.testng.reporters.JUnitReportReporter -->
<testsuite skipped="0" hostname="DESKTOP-7QD4G53" name="com.ra.qa.testcases.SchedulePageTest" tests="5" failures="0" timestamp="2019-09-26T17:46:32 CDT" time="34.279" errors="0">
  <testcase name="setup" time="30.535" classname="com.ra.qa.testcases.SchedulePageTest"/>
  <testcase name="getPageTitleTest" time="0.007" classname="com.ra.qa.testcases.SchedulePageTest"/>
  <testcase name="navigateToScheduledTabTest" time="3.064" classname="com.ra.qa.testcases.SchedulePageTest"/>
  <testcase name="verifyFilePresentF1F2Test" time="0.052" classname="com.ra.qa.testcases.SchedulePageTest"/>
  <testcase name="tearDown" time="0.621" classname="com.ra.qa.testcases.SchedulePageTest"/>
</testsuite> <!-- com.ra.qa.testcases.SchedulePageTest -->
