<?xml version="1.0" encoding="UTF-8"?>
<!-- Generated by org.testng.reporters.JUnitReportReporter -->
<testsuite skipped="0" hostname="DESKTOP-7QD4G53" name="com.ra.qa.testcases.HomePageTest" tests="12" failures="0" timestamp="2019-09-13T15:19:36 CDT" time="381.056" errors="0">
  <testcase name="setup" time="17.324" classname="com.ra.qa.testcases.HomePageTest"/>
  <testcase name="getPageTitleTest" time="0.005" classname="com.ra.qa.testcases.HomePageTest"/>
  <testcase name="selectSiteB" time="6.858" classname="com.ra.qa.testcases.HomePageTest"/>
  <testcase name="clickOnUploadBtnTest" time="2.112" classname="com.ra.qa.testcases.HomePageTest"/>
  <testcase name="uploadFileTest" time="30.145" classname="com.ra.qa.testcases.HomePageTest"/>
  <testcase name="uploadDoneTest" time="203.163" classname="com.ra.qa.testcases.HomePageTest"/>
  <testcase name="gotoMarketingTabTest" time="4.124" classname="com.ra.qa.testcases.HomePageTest"/>
  <testcase name="selectRA061215ReadyTest" time="5.475" classname="com.ra.qa.testcases.HomePageTest"/>
  <testcase name="scheduleMailTest" time="2.153" classname="com.ra.qa.testcases.HomePageTest"/>
  <testcase name="confirmTest" time="4.163" classname="com.ra.qa.testcases.HomePageTest"/>
  <testcase name="submitScheduleTest" time="101.151" classname="com.ra.qa.testcases.HomePageTest"/>
  <testcase name="tearDown" time="4.383" classname="com.ra.qa.testcases.HomePageTest"/>
</testsuite> <!-- com.ra.qa.testcases.HomePageTest -->
