<?xml version="1.0" encoding="UTF-8"?>
<!-- Generated by org.testng.reporters.JUnitReportReporter -->
<testsuite skipped="0" hostname="DESKTOP-7QD4G53" name="com.ra.qa.testcases.ShipmentRequestPageTest" tests="15" failures="0" timestamp="2019-09-26T17:46:32 CDT" time="422.937" errors="0">
  <testcase name="setup" time="28.532" classname="com.ra.qa.testcases.ShipmentRequestPageTest"/>
  <testcase name="acceptMkt558579Test" time="2.079" classname="com.ra.qa.testcases.ShipmentRequestPageTest"/>
  <testcase name="sendJobReference558579Test" time="2.080" classname="com.ra.qa.testcases.ShipmentRequestPageTest"/>
  <testcase name="submit558579Test" time="21.473" classname="com.ra.qa.testcases.ShipmentRequestPageTest"/>
  <testcase name="clickOnInfoRAMailAccepted558579" time="3.827" classname="com.ra.qa.testcases.ShipmentRequestPageTest"/>
  <testcase name="submitFinal558579Test" time="2.063" classname="com.ra.qa.testcases.ShipmentRequestPageTest"/>
  <testcase name="clickBrowse558579Test" time="3.107" classname="com.ra.qa.testcases.ShipmentRequestPageTest"/>
  <testcase name="upload558579Test" time="107.145" classname="com.ra.qa.testcases.ShipmentRequestPageTest"/>
  <testcase name="process558579Test" time="120.096" classname="com.ra.qa.testcases.ShipmentRequestPageTest"/>
  <testcase name="finalizeButton558579Test" time="2.058" classname="com.ra.qa.testcases.ShipmentRequestPageTest"/>
  <testcase name="viewReport558579Test" time="5.688" classname="com.ra.qa.testcases.ShipmentRequestPageTest"/>
  <testcase name="finalizeSubmission558579Test" time="3.066" classname="com.ra.qa.testcases.ShipmentRequestPageTest"/>
  <testcase name="close558579Test" time="121.059" classname="com.ra.qa.testcases.ShipmentRequestPageTest"/>
  <testcase name="verifyFinalizationCompleted558579Test" time="0.027" classname="com.ra.qa.testcases.ShipmentRequestPageTest"/>
  <testcase name="tearDown" time="0.637" classname="com.ra.qa.testcases.ShipmentRequestPageTest"/>
</testsuite> <!-- com.ra.qa.testcases.ShipmentRequestPageTest -->
