<?xml version="1.0" encoding="UTF-8"?>
<!-- Generated by org.testng.reporters.JUnitReportReporter -->
<testsuite skipped="0" hostname="DESKTOP-HKD7PMB" name="com.ra.qa.testcases.RAAdminLoginPageTest" tests="7" failures="0" timestamp="2019-09-23T17:07:49 CDT" time="45.770" errors="0">
  <testcase name="setup" time="5.191" classname="com.ra.qa.testcases.RAAdminLoginPageTest"/>
  <testcase name="validateLoginPageTitleTest" time="2.010" classname="com.ra.qa.testcases.RAAdminLoginPageTest"/>
  <testcase name="loginTest" time="6.660" classname="com.ra.qa.testcases.RAAdminLoginPageTest"/>
  <testcase name="manageAccountTest" time="6.379" classname="com.ra.qa.testcases.RAAdminLoginPageTest"/>
  <testcase name="selectRAAdminAccountTest" time="5.638" classname="com.ra.qa.testcases.RAAdminLoginPageTest"/>
  <testcase name="selectRAProfitCenterTest" time="19.243" classname="com.ra.qa.testcases.RAAdminLoginPageTest"/>
  <testcase name="tearDown" time="0.649" classname="com.ra.qa.testcases.RAAdminLoginPageTest"/>
</testsuite> <!-- com.ra.qa.testcases.RAAdminLoginPageTest -->
