<?xml version="1.0" encoding="UTF-8"?>
<!-- Generated by org.testng.reporters.JUnitReportReporter -->
<testsuite skipped="0" hostname="DESKTOP-7QD4G53" name="com.ra.qa.testcases.RA229SchedulePageTest" tests="5" failures="0" timestamp="2019-09-30T11:24:22 CDT" time="25.096" errors="0">
  <testcase name="setup" time="21.111" classname="com.ra.qa.testcases.RA229SchedulePageTest"/>
  <testcase name="getPageTitleTest" time="0.021" classname="com.ra.qa.testcases.RA229SchedulePageTest"/>
  <testcase name="navigateToScheduledTabTest" time="3.191" classname="com.ra.qa.testcases.RA229SchedulePageTest"/>
  <testcase name="verifyFilePresentPCnLTRFileScheduledTest" time="0.080" classname="com.ra.qa.testcases.RA229SchedulePageTest"/>
  <testcase name="tearDown" time="0.693" classname="com.ra.qa.testcases.RA229SchedulePageTest"/>
</testsuite> <!-- com.ra.qa.testcases.RA229SchedulePageTest -->
